{"C:\\Users\\syoud\\devoteam\\devteam-resource-hub\\src\\app.controller.ts": {"path":"C:\\Users\\syoud\\devoteam\\devteam-resource-hub\\src\\app.controller.ts","statementMap":{"0":{"start":{"line":1,"column":0},"end":{"line":1,"column":49}},"1":{"start":{"line":2,"column":0},"end":{"line":2,"column":43}},"2":{"start":{"line":5,"column":7},"end":{"line":12,"column":null}},"3":{"start":{"line":6,"column":31},"end":{"line":6,"column":43}},"4":{"start":{"line":10,"column":4},"end":{"line":10,"column":38}},"5":{"start":{"line":5,"column":13},"end":{"line":5,"column":26}},"6":{"start":{"line":9,"column":2},"end":{"line":11,"column":null}},"7":{"start":{"line":5,"column":13},"end":{"line":12,"column":null}}},"fnMap":{"0":{"name":"(anonymous_2)","decl":{"start":{"line":6,"column":2},"end":{"line":6,"column":31}},"loc":{"start":{"line":6,"column":53},"end":{"line":6,"column":57}}},"1":{"name":"(anonymous_3)","decl":{"start":{"line":9,"column":2},"end":{"line":9,"column":10}},"loc":{"start":{"line":9,"column":10},"end":{"line":11,"column":3}}}},"branchMap":{},"s":{"0":1,"1":1,"2":1,"3":1,"4":1,"5":1,"6":1,"7":1},"f":{"0":1,"1":1},"b":{}}
,"C:\\Users\\syoud\\devoteam\\devteam-resource-hub\\src\\app.service.ts": {"path":"C:\\Users\\syoud\\devoteam\\devteam-resource-hub\\src\\app.service.ts","statementMap":{"0":{"start":{"line":1,"column":0},"end":{"line":1,"column":44}},"1":{"start":{"line":4,"column":7},"end":{"line":8,"column":null}},"2":{"start":{"line":6,"column":4},"end":{"line":6,"column":26}},"3":{"start":{"line":4,"column":13},"end":{"line":4,"column":23}},"4":{"start":{"line":4,"column":13},"end":{"line":8,"column":null}}},"fnMap":{"0":{"name":"(anonymous_1)","decl":{"start":{"line":5,"column":2},"end":{"line":5,"column":10}},"loc":{"start":{"line":5,"column":10},"end":{"line":7,"column":3}}}},"branchMap":{},"s":{"0":1,"1":1,"2":1,"3":1,"4":1},"f":{"0":1},"b":{}}
,"C:\\Users\\syoud\\devoteam\\devteam-resource-hub\\src\\auth\\auth.service.ts": {"path":"C:\\Users\\syoud\\devoteam\\devteam-resource-hub\\src\\auth\\auth.service.ts","statementMap":{"0":{"start":{"line":1,"column":0},"end":{"line":1,"column":107}},"1":{"start":{"line":2,"column":0},"end":{"line":2,"column":54}},"2":{"start":{"line":3,"column":0},"end":{"line":3,"column":35}},"3":{"start":{"line":4,"column":0},"end":{"line":4,"column":41}},"4":{"start":{"line":9,"column":0},"end":{"line":9,"column":52}},"5":{"start":{"line":12,"column":7},"end":{"line":149,"column":null}},"6":{"start":{"line":14,"column":12},"end":{"line":14,"column":26}},"7":{"start":{"line":15,"column":12},"end":{"line":15,"column":24}},"8":{"start":{"line":16,"column":12},"end":{"line":16,"column":25}},"9":{"start":{"line":22,"column":17},"end":{"line":22,"column":58}},"10":{"start":{"line":24,"column":4},"end":{"line":26,"column":5}},"11":{"start":{"line":25,"column":8},"end":{"line":25,"column":66}},"12":{"start":{"line":28,"column":4},"end":{"line":30,"column":5}},"13":{"start":{"line":29,"column":8},"end":{"line":29,"column":92}},"14":{"start":{"line":32,"column":20},"end":{"line":32,"column":72}},"15":{"start":{"line":33,"column":24},"end":{"line":33,"column":53}},"16":{"start":{"line":35,"column":4},"end":{"line":43,"column":5}},"17":{"start":{"line":36,"column":8},"end":{"line":42,"column":10}},"18":{"start":{"line":44,"column":4},"end":{"line":50,"column":6}},"19":{"start":{"line":55,"column":17},"end":{"line":55,"column":68}},"20":{"start":{"line":56,"column":4},"end":{"line":67,"column":5}},"21":{"start":{"line":57,"column":30},"end":{"line":57,"column":84}},"22":{"start":{"line":58,"column":6},"end":{"line":66,"column":7}},"23":{"start":{"line":59,"column":8},"end":{"line":65,"column":10}},"24":{"start":{"line":68,"column":4},"end":{"line":68,"column":62}},"25":{"start":{"line":74,"column":17},"end":{"line":74,"column":57}},"26":{"start":{"line":75,"column":4},"end":{"line":77,"column":5}},"27":{"start":{"line":76,"column":6},"end":{"line":76,"column":64}},"28":{"start":{"line":78,"column":35},"end":{"line":78,"column":87}},"29":{"start":{"line":79,"column":4},"end":{"line":81,"column":5}},"30":{"start":{"line":80,"column":6},"end":{"line":80,"column":78}},"31":{"start":{"line":82,"column":30},"end":{"line":82,"column":64}},"32":{"start":{"line":83,"column":4},"end":{"line":83,"column":70}},"33":{"start":{"line":84,"column":4},"end":{"line":84,"column":62}},"34":{"start":{"line":85,"column":4},"end":{"line":85,"column":60}},"35":{"start":{"line":91,"column":17},"end":{"line":91,"column":57}},"36":{"start":{"line":92,"column":4},"end":{"line":94,"column":5}},"37":{"start":{"line":93,"column":6},"end":{"line":93,"column":64}},"38":{"start":{"line":95,"column":30},"end":{"line":95,"column":64}},"39":{"start":{"line":96,"column":4},"end":{"line":96,"column":70}},"40":{"start":{"line":102,"column":17},"end":{"line":102,"column":59}},"41":{"start":{"line":103,"column":4},"end":{"line":105,"column":5}},"42":{"start":{"line":104,"column":6},"end":{"line":104,"column":60}},"43":{"start":{"line":106,"column":30},"end":{"line":106,"column":84}},"44":{"start":{"line":107,"column":23},"end":{"line":107,"column":43}},"45":{"start":{"line":108,"column":4},"end":{"line":108,"column":90}},"46":{"start":{"line":109,"column":4},"end":{"line":109,"column":76}},"47":{"start":{"line":110,"column":4},"end":{"line":110,"column":82}},"48":{"start":{"line":115,"column":17},"end":{"line":115,"column":59}},"49":{"start":{"line":116,"column":4},"end":{"line":118,"column":5}},"50":{"start":{"line":117,"column":6},"end":{"line":117,"column":60}},"51":{"start":{"line":119,"column":4},"end":{"line":121,"column":5}},"52":{"start":{"line":120,"column":6},"end":{"line":120,"column":73}},"53":{"start":{"line":122,"column":4},"end":{"line":124,"column":5}},"54":{"start":{"line":123,"column":6},"end":{"line":123,"column":76}},"55":{"start":{"line":125,"column":4},"end":{"line":125,"column":51}},"56":{"start":{"line":126,"column":4},"end":{"line":126,"column":60}},"57":{"start":{"line":127,"column":4},"end":{"line":127,"column":65}},"58":{"start":{"line":133,"column":17},"end":{"line":133,"column":59}},"59":{"start":{"line":134,"column":4},"end":{"line":136,"column":5}},"60":{"start":{"line":135,"column":6},"end":{"line":135,"column":60}},"61":{"start":{"line":137,"column":4},"end":{"line":139,"column":5}},"62":{"start":{"line":138,"column":6},"end":{"line":138,"column":67}},"63":{"start":{"line":140,"column":4},"end":{"line":142,"column":5}},"64":{"start":{"line":141,"column":6},"end":{"line":141,"column":70}},"65":{"start":{"line":143,"column":4},"end":{"line":143,"column":54}},"66":{"start":{"line":144,"column":4},"end":{"line":144,"column":57}},"67":{"start":{"line":145,"column":4},"end":{"line":145,"column":53}},"68":{"start":{"line":12,"column":13},"end":{"line":12,"column":24}},"69":{"start":{"line":12,"column":13},"end":{"line":149,"column":null}}},"fnMap":{"0":{"name":"(anonymous_2)","decl":{"start":{"line":13,"column":2},"end":{"line":13,"column":null}},"loc":{"start":{"line":16,"column":36},"end":{"line":18,"column":6}}},"1":{"name":"(anonymous_3)","decl":{"start":{"line":21,"column":2},"end":{"line":21,"column":7}},"loc":{"start":{"line":21,"column":39},"end":{"line":51,"column":1}}},"2":{"name":"(anonymous_4)","decl":{"start":{"line":54,"column":2},"end":{"line":54,"column":7}},"loc":{"start":{"line":54,"column":39},"end":{"line":69,"column":3}}},"3":{"name":"(anonymous_5)","decl":{"start":{"line":73,"column":2},"end":{"line":73,"column":7}},"loc":{"start":{"line":73,"column":97},"end":{"line":86,"column":3}}},"4":{"name":"(anonymous_6)","decl":{"start":{"line":90,"column":2},"end":{"line":90,"column":7}},"loc":{"start":{"line":90,"column":58},"end":{"line":98,"column":3}}},"5":{"name":"(anonymous_7)","decl":{"start":{"line":101,"column":2},"end":{"line":101,"column":7}},"loc":{"start":{"line":101,"column":42},"end":{"line":111,"column":3}}},"6":{"name":"(anonymous_8)","decl":{"start":{"line":114,"column":2},"end":{"line":114,"column":7}},"loc":{"start":{"line":114,"column":91},"end":{"line":128,"column":3}}},"7":{"name":"(anonymous_9)","decl":{"start":{"line":132,"column":2},"end":{"line":132,"column":7}},"loc":{"start":{"line":132,"column":71},"end":{"line":146,"column":1}}}},"branchMap":{"0":{"loc":{"start":{"line":24,"column":4},"end":{"line":26,"column":5}},"type":"if","locations":[{"start":{"line":24,"column":4},"end":{"line":26,"column":5}}]},"1":{"loc":{"start":{"line":28,"column":4},"end":{"line":30,"column":5}},"type":"if","locations":[{"start":{"line":28,"column":4},"end":{"line":30,"column":5}}]},"2":{"loc":{"start":{"line":35,"column":4},"end":{"line":43,"column":5}},"type":"if","locations":[{"start":{"line":35,"column":4},"end":{"line":43,"column":5}}]},"3":{"loc":{"start":{"line":56,"column":4},"end":{"line":67,"column":5}},"type":"if","locations":[{"start":{"line":56,"column":4},"end":{"line":67,"column":5}}]},"4":{"loc":{"start":{"line":58,"column":6},"end":{"line":66,"column":7}},"type":"if","locations":[{"start":{"line":58,"column":6},"end":{"line":66,"column":7}}]},"5":{"loc":{"start":{"line":75,"column":4},"end":{"line":77,"column":5}},"type":"if","locations":[{"start":{"line":75,"column":4},"end":{"line":77,"column":5}}]},"6":{"loc":{"start":{"line":79,"column":4},"end":{"line":81,"column":5}},"type":"if","locations":[{"start":{"line":79,"column":4},"end":{"line":81,"column":5}}]},"7":{"loc":{"start":{"line":92,"column":4},"end":{"line":94,"column":5}},"type":"if","locations":[{"start":{"line":92,"column":4},"end":{"line":94,"column":5}}]},"8":{"loc":{"start":{"line":103,"column":4},"end":{"line":105,"column":5}},"type":"if","locations":[{"start":{"line":103,"column":4},"end":{"line":105,"column":5}}]},"9":{"loc":{"start":{"line":116,"column":4},"end":{"line":118,"column":5}},"type":"if","locations":[{"start":{"line":116,"column":4},"end":{"line":118,"column":5}}]},"10":{"loc":{"start":{"line":119,"column":4},"end":{"line":121,"column":5}},"type":"if","locations":[{"start":{"line":119,"column":4},"end":{"line":121,"column":5}}]},"11":{"loc":{"start":{"line":122,"column":4},"end":{"line":124,"column":5}},"type":"if","locations":[{"start":{"line":122,"column":4},"end":{"line":124,"column":5}}]},"12":{"loc":{"start":{"line":122,"column":8},"end":{"line":122,"column":73}},"type":"binary-expr","locations":[{"start":{"line":122,"column":8},"end":{"line":122,"column":32}},{"start":{"line":122,"column":36},"end":{"line":122,"column":73}}]},"13":{"loc":{"start":{"line":134,"column":4},"end":{"line":136,"column":5}},"type":"if","locations":[{"start":{"line":134,"column":4},"end":{"line":136,"column":5}}]},"14":{"loc":{"start":{"line":137,"column":4},"end":{"line":139,"column":5}},"type":"if","locations":[{"start":{"line":137,"column":4},"end":{"line":139,"column":5}}]},"15":{"loc":{"start":{"line":140,"column":4},"end":{"line":142,"column":5}},"type":"if","locations":[{"start":{"line":140,"column":4},"end":{"line":142,"column":5}}]},"16":{"loc":{"start":{"line":140,"column":8},"end":{"line":140,"column":87}},"type":"binary-expr","locations":[{"start":{"line":140,"column":8},"end":{"line":140,"column":39}},{"start":{"line":140,"column":43},"end":{"line":140,"column":87}}]}},"s":{"0":1,"1":1,"2":1,"3":1,"4":1,"5":1,"6":5,"7":5,"8":5,"9":3,"10":2,"11":0,"12":2,"13":1,"14":1,"15":1,"16":1,"17":0,"18":1,"19":3,"20":3,"21":3,"22":3,"23":2,"24":1,"25":2,"26":2,"27":0,"28":2,"29":2,"30":1,"31":1,"32":1,"33":1,"34":1,"35":0,"36":0,"37":0,"38":0,"39":0,"40":0,"41":0,"42":0,"43":0,"44":0,"45":0,"46":0,"47":0,"48":0,"49":0,"50":0,"51":0,"52":0,"53":0,"54":0,"55":0,"56":0,"57":0,"58":0,"59":0,"60":0,"61":0,"62":0,"63":0,"64":0,"65":0,"66":0,"67":0,"68":1,"69":1},"f":{"0":5,"1":3,"2":3,"3":2,"4":0,"5":0,"6":0,"7":0},"b":{"0":[0],"1":[1],"2":[0],"3":[3],"4":[2],"5":[0],"6":[1],"7":[0],"8":[0],"9":[0],"10":[0],"11":[0],"12":[0,0],"13":[0],"14":[0],"15":[0],"16":[0,0]}}
,"C:\\Users\\syoud\\devoteam\\devteam-resource-hub\\src\\mail\\mail.service.ts": {"path":"C:\\Users\\syoud\\devoteam\\devteam-resource-hub\\src\\mail\\mail.service.ts","statementMap":{"0":{"start":{"line":1,"column":0},"end":{"line":1,"column":44}},"1":{"start":{"line":2,"column":0},"end":{"line":2,"column":41}},"2":{"start":{"line":3,"column":0},"end":{"line":3,"column":25}},"3":{"start":{"line":4,"column":0},"end":{"line":4,"column":29}},"4":{"start":{"line":7,"column":7},"end":{"line":112,"column":null}},"5":{"start":{"line":11,"column":4},"end":{"line":19,"column":7}},"6":{"start":{"line":23,"column":25},"end":{"line":23,"column":62}},"7":{"start":{"line":24,"column":21},"end":{"line":26,"column":60}},"8":{"start":{"line":27,"column":25},"end":{"line":27,"column":68}},"9":{"start":{"line":28,"column":19},"end":{"line":28,"column":57}},"10":{"start":{"line":30,"column":4},"end":{"line":33,"column":5}},"11":{"start":{"line":31,"column":20},"end":{"line":31,"column":51}},"12":{"start":{"line":32,"column":6},"end":{"line":32,"column":48}},"13":{"start":{"line":35,"column":4},"end":{"line":35,"column":20}},"14":{"start":{"line":39,"column":22},"end":{"line":39,"column":98}},"15":{"start":{"line":40,"column":24},"end":{"line":40,"column":93}},"16":{"start":{"line":42,"column":24},"end":{"line":47,"column":6}},"17":{"start":{"line":49,"column":4},"end":{"line":49,"column":49}},"18":{"start":{"line":50,"column":4},"end":{"line":50,"column":50}},"19":{"start":{"line":58,"column":29},"end":{"line":58,"column":100}},"20":{"start":{"line":59,"column":24},"end":{"line":64,"column":6}},"21":{"start":{"line":66,"column":24},"end":{"line":71,"column":6}},"22":{"start":{"line":73,"column":4},"end":{"line":73,"column":49}},"23":{"start":{"line":74,"column":4},"end":{"line":74,"column":50}},"24":{"start":{"line":91,"column":24},"end":{"line":100,"column":6}},"25":{"start":{"line":102,"column":24},"end":{"line":107,"column":6}},"26":{"start":{"line":109,"column":4},"end":{"line":109,"column":49}},"27":{"start":{"line":110,"column":4},"end":{"line":110,"column":50}},"28":{"start":{"line":7,"column":13},"end":{"line":7,"column":24}},"29":{"start":{"line":7,"column":13},"end":{"line":112,"column":null}}},"fnMap":{"0":{"name":"(anonymous_2)","decl":{"start":{"line":10,"column":2},"end":{"line":10,"column":null}},"loc":{"start":{"line":10,"column":2},"end":{"line":20,"column":3}}},"1":{"name":"(anonymous_3)","decl":{"start":{"line":22,"column":10},"end":{"line":22,"column":22}},"loc":{"start":{"line":22,"column":78},"end":{"line":36,"column":3}}},"2":{"name":"(anonymous_4)","decl":{"start":{"line":38,"column":2},"end":{"line":38,"column":7}},"loc":{"start":{"line":38,"column":71},"end":{"line":51,"column":3}}},"3":{"name":"(anonymous_5)","decl":{"start":{"line":53,"column":2},"end":{"line":53,"column":7}},"loc":{"start":{"line":56,"column":28},"end":{"line":75,"column":3}}},"4":{"name":"(anonymous_6)","decl":{"start":{"line":78,"column":2},"end":{"line":78,"column":7}},"loc":{"start":{"line":89,"column":5},"end":{"line":111,"column":3}}}},"branchMap":{"0":{"loc":{"start":{"line":24,"column":21},"end":{"line":26,"column":60}},"type":"cond-expr","locations":[{"start":{"line":25,"column":8},"end":{"line":25,"column":41}},{"start":{"line":26,"column":8},"end":{"line":26,"column":60}}]}},"s":{"0":1,"1":1,"2":1,"3":1,"4":1,"5":0,"6":0,"7":0,"8":0,"9":0,"10":0,"11":0,"12":0,"13":0,"14":0,"15":0,"16":0,"17":0,"18":0,"19":0,"20":0,"21":0,"22":0,"23":0,"24":0,"25":0,"26":0,"27":0,"28":1,"29":1},"f":{"0":0,"1":0,"2":0,"3":0,"4":0},"b":{"0":[0,0]}}
,"C:\\Users\\syoud\\devoteam\\devteam-resource-hub\\src\\users\\users.service.ts": {"path":"C:\\Users\\syoud\\devoteam\\devteam-resource-hub\\src\\users\\users.service.ts","statementMap":{"0":{"start":{"line":1,"column":0},"end":{"line":1,"column":133}},"1":{"start":{"line":2,"column":0},"end":{"line":2,"column":51}},"2":{"start":{"line":3,"column":0},"end":{"line":3,"column":37}},"3":{"start":{"line":4,"column":0},"end":{"line":4,"column":46}},"4":{"start":{"line":5,"column":0},"end":{"line":5,"column":35}},"5":{"start":{"line":7,"column":0},"end":{"line":7,"column":46}},"6":{"start":{"line":11,"column":7},"end":{"line":207,"column":null}},"7":{"start":{"line":14,"column":12},"end":{"line":14,"column":29}},"8":{"start":{"line":19,"column":4},"end":{"line":44,"column":5}},"9":{"start":{"line":20,"column":29},"end":{"line":22,"column":10}},"10":{"start":{"line":24,"column":8},"end":{"line":26,"column":9}},"11":{"start":{"line":25,"column":12},"end":{"line":25,"column":73}},"12":{"start":{"line":27,"column":8},"end":{"line":29,"column":9}},"13":{"start":{"line":28,"column":12},"end":{"line":28,"column":98}},"14":{"start":{"line":30,"column":31},"end":{"line":30,"column":76}},"15":{"start":{"line":31,"column":21},"end":{"line":34,"column":10}},"16":{"start":{"line":35,"column":26},"end":{"line":35,"column":63}},"17":{"start":{"line":36,"column":40},"end":{"line":36,"column":49}},"18":{"start":{"line":37,"column":8},"end":{"line":37,"column":30}},"19":{"start":{"line":40,"column":8},"end":{"line":42,"column":9}},"20":{"start":{"line":41,"column":12},"end":{"line":41,"column":24}},"21":{"start":{"line":43,"column":8},"end":{"line":43,"column":111}},"22":{"start":{"line":49,"column":17},"end":{"line":49,"column":78}},"23":{"start":{"line":50,"column":4},"end":{"line":52,"column":5}},"24":{"start":{"line":51,"column":6},"end":{"line":51,"column":60}},"25":{"start":{"line":53,"column":4},"end":{"line":60,"column":5}},"26":{"start":{"line":54,"column":27},"end":{"line":56,"column":8}},"27":{"start":{"line":57,"column":6},"end":{"line":59,"column":7}},"28":{"start":{"line":58,"column":8},"end":{"line":58,"column":91}},"29":{"start":{"line":61,"column":4},"end":{"line":84,"column":5}},"30":{"start":{"line":62,"column":27},"end":{"line":62,"column":67}},"31":{"start":{"line":63,"column":6},"end":{"line":65,"column":7}},"32":{"start":{"line":64,"column":8},"end":{"line":64,"column":107}},"33":{"start":{"line":66,"column":6},"end":{"line":68,"column":7}},"34":{"start":{"line":67,"column":8},"end":{"line":67,"column":86}},"35":{"start":{"line":70,"column":27},"end":{"line":70,"column":70}},"36":{"start":{"line":71,"column":33},"end":{"line":71,"column":53}},"37":{"start":{"line":72,"column":6},"end":{"line":72,"column":65}},"38":{"start":{"line":73,"column":6},"end":{"line":73,"column":66}},"39":{"start":{"line":74,"column":6},"end":{"line":81,"column":7}},"40":{"start":{"line":75,"column":28},"end":{"line":75,"column":68}},"41":{"start":{"line":76,"column":8},"end":{"line":80,"column":9}},"42":{"start":{"line":77,"column":10},"end":{"line":79,"column":13}},"43":{"start":{"line":78,"column":12},"end":{"line":78,"column":85}},"44":{"start":{"line":83,"column":6},"end":{"line":83,"column":66}},"45":{"start":{"line":85,"column":24},"end":{"line":85,"column":85}},"46":{"start":{"line":86,"column":4},"end":{"line":86,"column":31}},"47":{"start":{"line":91,"column":4},"end":{"line":98,"column":6}},"48":{"start":{"line":103,"column":17},"end":{"line":103,"column":70}},"49":{"start":{"line":104,"column":4},"end":{"line":106,"column":5}},"50":{"start":{"line":105,"column":6},"end":{"line":105,"column":60}},"51":{"start":{"line":107,"column":4},"end":{"line":107,"column":44}},"52":{"start":{"line":108,"column":4},"end":{"line":108,"column":75}},"53":{"start":{"line":112,"column":4},"end":{"line":112,"column":39}},"54":{"start":{"line":116,"column":4},"end":{"line":116,"column":62}},"55":{"start":{"line":120,"column":4},"end":{"line":120,"column":59}},"56":{"start":{"line":124,"column":17},"end":{"line":124,"column":78}},"57":{"start":{"line":125,"column":4},"end":{"line":127,"column":5}},"58":{"start":{"line":126,"column":6},"end":{"line":126,"column":60}},"59":{"start":{"line":128,"column":4},"end":{"line":128,"column":32}},"60":{"start":{"line":129,"column":4},"end":{"line":129,"column":42}},"61":{"start":{"line":133,"column":17},"end":{"line":133,"column":78}},"62":{"start":{"line":134,"column":4},"end":{"line":136,"column":5}},"63":{"start":{"line":135,"column":6},"end":{"line":135,"column":60}},"64":{"start":{"line":137,"column":4},"end":{"line":137,"column":31}},"65":{"start":{"line":138,"column":4},"end":{"line":138,"column":42}},"66":{"start":{"line":139,"column":4},"end":{"line":139,"column":42}},"67":{"start":{"line":143,"column":17},"end":{"line":143,"column":78}},"68":{"start":{"line":144,"column":4},"end":{"line":146,"column":5}},"69":{"start":{"line":145,"column":6},"end":{"line":145,"column":60}},"70":{"start":{"line":147,"column":4},"end":{"line":147,"column":27}},"71":{"start":{"line":148,"column":4},"end":{"line":148,"column":42}},"72":{"start":{"line":152,"column":17},"end":{"line":152,"column":78}},"73":{"start":{"line":153,"column":4},"end":{"line":155,"column":5}},"74":{"start":{"line":154,"column":6},"end":{"line":154,"column":60}},"75":{"start":{"line":156,"column":4},"end":{"line":156,"column":26}},"76":{"start":{"line":157,"column":4},"end":{"line":157,"column":36}},"77":{"start":{"line":158,"column":4},"end":{"line":158,"column":42}},"78":{"start":{"line":162,"column":17},"end":{"line":162,"column":78}},"79":{"start":{"line":163,"column":4},"end":{"line":165,"column":5}},"80":{"start":{"line":164,"column":6},"end":{"line":164,"column":60}},"81":{"start":{"line":166,"column":4},"end":{"line":166,"column":33}},"82":{"start":{"line":167,"column":4},"end":{"line":167,"column":43}},"83":{"start":{"line":168,"column":4},"end":{"line":168,"column":42}},"84":{"start":{"line":172,"column":17},"end":{"line":172,"column":78}},"85":{"start":{"line":173,"column":4},"end":{"line":175,"column":5}},"86":{"start":{"line":174,"column":6},"end":{"line":174,"column":60}},"87":{"start":{"line":176,"column":4},"end":{"line":176,"column":37}},"88":{"start":{"line":177,"column":4},"end":{"line":177,"column":42}},"89":{"start":{"line":181,"column":17},"end":{"line":181,"column":78}},"90":{"start":{"line":182,"column":4},"end":{"line":184,"column":5}},"91":{"start":{"line":183,"column":6},"end":{"line":183,"column":60}},"92":{"start":{"line":186,"column":4},"end":{"line":195,"column":5}},"93":{"start":{"line":187,"column":23},"end":{"line":187,"column":65}},"94":{"start":{"line":188,"column":6},"end":{"line":190,"column":7}},"95":{"start":{"line":189,"column":8},"end":{"line":189,"column":72}},"96":{"start":{"line":191,"column":6},"end":{"line":191,"column":34}},"97":{"start":{"line":192,"column":26},"end":{"line":192,"column":63}},"98":{"start":{"line":193,"column":38},"end":{"line":193,"column":49}},"99":{"start":{"line":194,"column":6},"end":{"line":194,"column":28}},"100":{"start":{"line":197,"column":36},"end":{"line":197,"column":40}},"101":{"start":{"line":198,"column":4},"end":{"line":198,"column":26}},"102":{"start":{"line":203,"column":18},"end":{"line":203,"column":32}},"103":{"start":{"line":204,"column":21},"end":{"line":204,"column":47}},"104":{"start":{"line":205,"column":4},"end":{"line":205,"column":28}},"105":{"start":{"line":11,"column":13},"end":{"line":11,"column":25}},"106":{"start":{"line":11,"column":13},"end":{"line":207,"column":null}}},"fnMap":{"0":{"name":"(anonymous_4)","decl":{"start":{"line":12,"column":2},"end":{"line":12,"column":null}},"loc":{"start":{"line":14,"column":45},"end":{"line":16,"column":6}}},"1":{"name":"(anonymous_5)","decl":{"start":{"line":18,"column":2},"end":{"line":18,"column":7}},"loc":{"start":{"line":18,"column":47},"end":{"line":45,"column":1}}},"2":{"name":"(anonymous_6)","decl":{"start":{"line":48,"column":2},"end":{"line":48,"column":7}},"loc":{"start":{"line":48,"column":97},"end":{"line":87,"column":3}}},"3":{"name":"(anonymous_7)","decl":{"start":{"line":77,"column":77},"end":{"line":77,"column":78}},"loc":{"start":{"line":77,"column":85},"end":{"line":79,"column":11}}},"4":{"name":"(anonymous_8)","decl":{"start":{"line":90,"column":10},"end":{"line":90,"column":15}},"loc":{"start":{"line":90,"column":76},"end":{"line":99,"column":3}}},"5":{"name":"(anonymous_9)","decl":{"start":{"line":102,"column":2},"end":{"line":102,"column":7}},"loc":{"start":{"line":102,"column":29},"end":{"line":109,"column":3}}},"6":{"name":"(anonymous_10)","decl":{"start":{"line":111,"column":2},"end":{"line":111,"column":7}},"loc":{"start":{"line":111,"column":15},"end":{"line":113,"column":3}}},"7":{"name":"(anonymous_11)","decl":{"start":{"line":115,"column":2},"end":{"line":115,"column":7}},"loc":{"start":{"line":115,"column":33},"end":{"line":117,"column":3}}},"8":{"name":"(anonymous_12)","decl":{"start":{"line":119,"column":2},"end":{"line":119,"column":7}},"loc":{"start":{"line":119,"column":27},"end":{"line":121,"column":3}}},"9":{"name":"(anonymous_13)","decl":{"start":{"line":123,"column":2},"end":{"line":123,"column":7}},"loc":{"start":{"line":123,"column":58},"end":{"line":130,"column":3}}},"10":{"name":"(anonymous_14)","decl":{"start":{"line":132,"column":2},"end":{"line":132,"column":7}},"loc":{"start":{"line":132,"column":83},"end":{"line":140,"column":3}}},"11":{"name":"(anonymous_15)","decl":{"start":{"line":142,"column":2},"end":{"line":142,"column":7}},"loc":{"start":{"line":142,"column":39},"end":{"line":149,"column":3}}},"12":{"name":"(anonymous_16)","decl":{"start":{"line":151,"column":2},"end":{"line":151,"column":7}},"loc":{"start":{"line":151,"column":45},"end":{"line":159,"column":3}}},"13":{"name":"(anonymous_17)","decl":{"start":{"line":161,"column":2},"end":{"line":161,"column":7}},"loc":{"start":{"line":161,"column":42},"end":{"line":169,"column":3}}},"14":{"name":"(anonymous_18)","decl":{"start":{"line":171,"column":2},"end":{"line":171,"column":7}},"loc":{"start":{"line":171,"column":64},"end":{"line":178,"column":3}}},"15":{"name":"(anonymous_19)","decl":{"start":{"line":180,"column":2},"end":{"line":180,"column":7}},"loc":{"start":{"line":180,"column":41},"end":{"line":199,"column":3}}},"16":{"name":"(anonymous_20)","decl":{"start":{"line":202,"column":10},"end":{"line":202,"column":25}},"loc":{"start":{"line":202,"column":37},"end":{"line":206,"column":3}}}},"branchMap":{"0":{"loc":{"start":{"line":24,"column":8},"end":{"line":26,"column":9}},"type":"if","locations":[{"start":{"line":24,"column":8},"end":{"line":26,"column":9}}]},"1":{"loc":{"start":{"line":27,"column":8},"end":{"line":29,"column":9}},"type":"if","locations":[{"start":{"line":27,"column":8},"end":{"line":29,"column":9}}]},"2":{"loc":{"start":{"line":27,"column":12},"end":{"line":27,"column":72}},"type":"binary-expr","locations":[{"start":{"line":27,"column":12},"end":{"line":27,"column":35}},{"start":{"line":27,"column":39},"end":{"line":27,"column":72}}]},"3":{"loc":{"start":{"line":40,"column":8},"end":{"line":42,"column":9}},"type":"if","locations":[{"start":{"line":40,"column":8},"end":{"line":42,"column":9}}]},"4":{"loc":{"start":{"line":40,"column":12},"end":{"line":40,"column":88}},"type":"binary-expr","locations":[{"start":{"line":40,"column":12},"end":{"line":40,"column":48}},{"start":{"line":40,"column":52},"end":{"line":40,"column":88}}]},"5":{"loc":{"start":{"line":50,"column":4},"end":{"line":52,"column":5}},"type":"if","locations":[{"start":{"line":50,"column":4},"end":{"line":52,"column":5}}]},"6":{"loc":{"start":{"line":53,"column":4},"end":{"line":60,"column":5}},"type":"if","locations":[{"start":{"line":53,"column":4},"end":{"line":60,"column":5}}]},"7":{"loc":{"start":{"line":53,"column":8},"end":{"line":53,"column":71}},"type":"binary-expr","locations":[{"start":{"line":53,"column":8},"end":{"line":53,"column":30}},{"start":{"line":53,"column":34},"end":{"line":53,"column":71}}]},"8":{"loc":{"start":{"line":57,"column":6},"end":{"line":59,"column":7}},"type":"if","locations":[{"start":{"line":57,"column":6},"end":{"line":59,"column":7}}]},"9":{"loc":{"start":{"line":57,"column":10},"end":{"line":57,"column":52}},"type":"binary-expr","locations":[{"start":{"line":57,"column":10},"end":{"line":57,"column":22}},{"start":{"line":57,"column":26},"end":{"line":57,"column":52}}]},"10":{"loc":{"start":{"line":61,"column":4},"end":{"line":84,"column":5}},"type":"if","locations":[{"start":{"line":61,"column":4},"end":{"line":84,"column":5}},{"start":{"line":82,"column":11},"end":{"line":84,"column":5}}]},"11":{"loc":{"start":{"line":63,"column":6},"end":{"line":65,"column":7}},"type":"if","locations":[{"start":{"line":63,"column":6},"end":{"line":65,"column":7}}]},"12":{"loc":{"start":{"line":66,"column":6},"end":{"line":68,"column":7}},"type":"if","locations":[{"start":{"line":66,"column":6},"end":{"line":68,"column":7}}]},"13":{"loc":{"start":{"line":74,"column":6},"end":{"line":81,"column":7}},"type":"if","locations":[{"start":{"line":74,"column":6},"end":{"line":81,"column":7}}]},"14":{"loc":{"start":{"line":76,"column":8},"end":{"line":80,"column":9}},"type":"if","locations":[{"start":{"line":76,"column":8},"end":{"line":80,"column":9}}]},"15":{"loc":{"start":{"line":104,"column":4},"end":{"line":106,"column":5}},"type":"if","locations":[{"start":{"line":104,"column":4},"end":{"line":106,"column":5}}]},"16":{"loc":{"start":{"line":125,"column":4},"end":{"line":127,"column":5}},"type":"if","locations":[{"start":{"line":125,"column":4},"end":{"line":127,"column":5}}]},"17":{"loc":{"start":{"line":134,"column":4},"end":{"line":136,"column":5}},"type":"if","locations":[{"start":{"line":134,"column":4},"end":{"line":136,"column":5}}]},"18":{"loc":{"start":{"line":144,"column":4},"end":{"line":146,"column":5}},"type":"if","locations":[{"start":{"line":144,"column":4},"end":{"line":146,"column":5}}]},"19":{"loc":{"start":{"line":153,"column":4},"end":{"line":155,"column":5}},"type":"if","locations":[{"start":{"line":153,"column":4},"end":{"line":155,"column":5}}]},"20":{"loc":{"start":{"line":163,"column":4},"end":{"line":165,"column":5}},"type":"if","locations":[{"start":{"line":163,"column":4},"end":{"line":165,"column":5}}]},"21":{"loc":{"start":{"line":173,"column":4},"end":{"line":175,"column":5}},"type":"if","locations":[{"start":{"line":173,"column":4},"end":{"line":175,"column":5}}]},"22":{"loc":{"start":{"line":182,"column":4},"end":{"line":184,"column":5}},"type":"if","locations":[{"start":{"line":182,"column":4},"end":{"line":184,"column":5}}]},"23":{"loc":{"start":{"line":186,"column":4},"end":{"line":195,"column":5}},"type":"if","locations":[{"start":{"line":186,"column":4},"end":{"line":195,"column":5}}]},"24":{"loc":{"start":{"line":188,"column":6},"end":{"line":190,"column":7}},"type":"if","locations":[{"start":{"line":188,"column":6},"end":{"line":190,"column":7}}]},"25":{"loc":{"start":{"line":205,"column":11},"end":{"line":205,"column":27}},"type":"binary-expr","locations":[{"start":{"line":205,"column":11},"end":{"line":205,"column":19}},{"start":{"line":205,"column":23},"end":{"line":205,"column":27}}]}},"s":{"0":1,"1":1,"2":1,"3":1,"4":1,"5":1,"6":1,"7":0,"8":0,"9":0,"10":0,"11":0,"12":0,"13":0,"14":0,"15":0,"16":0,"17":0,"18":0,"19":0,"20":0,"21":0,"22":0,"23":0,"24":0,"25":0,"26":0,"27":0,"28":0,"29":0,"30":0,"31":0,"32":0,"33":0,"34":0,"35":0,"36":0,"37":0,"38":0,"39":0,"40":0,"41":0,"42":0,"43":0,"44":0,"45":0,"46":0,"47":0,"48":0,"49":0,"50":0,"51":0,"52":0,"53":0,"54":0,"55":0,"56":0,"57":0,"58":0,"59":0,"60":0,"61":0,"62":0,"63":0,"64":0,"65":0,"66":0,"67":0,"68":0,"69":0,"70":0,"71":0,"72":0,"73":0,"74":0,"75":0,"76":0,"77":0,"78":0,"79":0,"80":0,"81":0,"82":0,"83":0,"84":0,"85":0,"86":0,"87":0,"88":0,"89":0,"90":0,"91":0,"92":0,"93":0,"94":0,"95":0,"96":0,"97":0,"98":0,"99":0,"100":0,"101":0,"102":0,"103":0,"104":0,"105":1,"106":1},"f":{"0":0,"1":0,"2":0,"3":0,"4":0,"5":0,"6":0,"7":0,"8":0,"9":0,"10":0,"11":0,"12":0,"13":0,"14":0,"15":0,"16":0},"b":{"0":[0],"1":[0],"2":[0,0],"3":[0],"4":[0,0],"5":[0],"6":[0],"7":[0,0],"8":[0],"9":[0,0],"10":[0,0],"11":[0],"12":[0],"13":[0],"14":[0],"15":[0],"16":[0],"17":[0],"18":[0],"19":[0],"20":[0],"21":[0],"22":[0],"23":[0],"24":[0],"25":[0,0]}}
,"C:\\Users\\syoud\\devoteam\\devteam-resource-hub\\src\\users\\entities\\user.entity.ts": {"path":"C:\\Users\\syoud\\devoteam\\devteam-resource-hub\\src\\users\\entities\\user.entity.ts","statementMap":{"0":{"start":{"line":3,"column":0},"end":{"line":3,"column":123}},"1":{"start":{"line":5,"column":0},"end":{"line":5,"column":null}},"2":{"start":{"line":6,"column":2},"end":{"line":6,"column":null}},"3":{"start":{"line":7,"column":2},"end":{"line":7,"column":null}},"4":{"start":{"line":8,"column":2},"end":{"line":8,"column":null}},"5":{"start":{"line":11,"column":7},"end":{"line":61,"column":null}},"6":{"start":{"line":11,"column":13},"end":{"line":11,"column":17}},"7":{"start":{"line":13,"column":2},"end":{"line":13,"column":null}},"8":{"start":{"line":16,"column":2},"end":{"line":16,"column":null}},"9":{"start":{"line":19,"column":2},"end":{"line":19,"column":null}},"10":{"start":{"line":22,"column":2},"end":{"line":22,"column":null}},"11":{"start":{"line":25,"column":2},"end":{"line":25,"column":null}},"12":{"start":{"line":28,"column":2},"end":{"line":28,"column":null}},"13":{"start":{"line":31,"column":2},"end":{"line":31,"column":null}},"14":{"start":{"line":34,"column":2},"end":{"line":34,"column":null}},"15":{"start":{"line":37,"column":2},"end":{"line":37,"column":null}},"16":{"start":{"line":40,"column":2},"end":{"line":40,"column":null}},"17":{"start":{"line":43,"column":2},"end":{"line":43,"column":null}},"18":{"start":{"line":46,"column":2},"end":{"line":46,"column":null}},"19":{"start":{"line":49,"column":2},"end":{"line":49,"column":null}},"20":{"start":{"line":52,"column":2},"end":{"line":52,"column":null}},"21":{"start":{"line":55,"column":2},"end":{"line":55,"column":null}},"22":{"start":{"line":58,"column":2},"end":{"line":58,"column":null}},"23":{"start":{"line":11,"column":13},"end":{"line":61,"column":null}}},"fnMap":{"0":{"name":"(anonymous_2)","decl":{"start":{"line":5,"column":0},"end":{"line":5,"column":12}},"loc":{"start":{"line":5,"column":20},"end":{"line":9,"column":1}}}},"branchMap":{"0":{"loc":{"start":{"line":5,"column":12},"end":{"line":5,"column":null}},"type":"binary-expr","locations":[{"start":{"line":5,"column":12},"end":{"line":5,"column":20}},{"start":{"line":5,"column":20},"end":{"line":5,"column":null}}]}},"s":{"0":1,"1":1,"2":1,"3":1,"4":1,"5":1,"6":1,"7":1,"8":1,"9":1,"10":1,"11":1,"12":1,"13":1,"14":1,"15":1,"16":1,"17":1,"18":1,"19":1,"20":1,"21":1,"22":1,"23":1},"f":{"0":1},"b":{"0":[1,1]}}
}
